            --------------------------------------------------------
                             AMBER SQM VERSION 19
 
                                     By
              Ross C. Walker, Michael F. Crowley, Scott Brozell,
                         Tim Giese, Andreas W. Goetz,
                        Tai-Sung Lee and David A. Case
 
            --------------------------------------------------------
 

--------------------------------------------------------------------------------
  QM CALCULATION INFO
--------------------------------------------------------------------------------

| QMMM: Citation for AMBER QMMM Run:
| QMMM: R.C. Walker, M.F. Crowley and D.A. Case, J. COMP. CHEM. 29:1019, 2008

QMMM: SINGLET STATE CALCULATION
QMMM: RHF CALCULATION, NO. OF DOUBLY OCCUPIED LEVELS = 85

| QMMM: *** Selected Hamiltonian *** 
| QMMM: AM1         

| QMMM: *** Parameter sets in use ***
| QMMM: C : M.J.S.DEWAR et al. JACS, 107, 3902, (1985)
| QMMM: H : M.J.S.DEWAR et al. JACS, 107, 3902, (1985)

| QMMM: *** SCF convergence criteria ***
| QMMM: Energy change                :  0.1D-09 kcal/mol
| QMMM: Error matrix |FP-PF|         :  0.1D+00 au
| QMMM: Density matrix change        :  0.5D-06
| QMMM: Maximum number of SCF cycles :     1000

| QMMM: *** Diagonalization Routine Information ***
| QMMM: Pseudo diagonalizations are allowed.
| QMMM: Auto diagonalization routine selection is in use.
| QMMM:
| QMMM: Timing diagonalization routines:
| QMMM:                              norbs =      170
| QMMM:    diag iterations used for timing =        5
| QMMM:
| QMMM:              Internal diag routine = 0.029769 seconds
| QMMM:                 Dspev diag routine = 0.573641 seconds
| QMMM:                Dspevd diag routine = 1.208997 seconds
| QMMM:                Dspevx diag routine = 1.167599 seconds
| QMMM:                 Dsyev diag routine = 0.265855 seconds
| QMMM:                Dsyevd diag routine = 0.308795 seconds
| QMMM:                Dsyevr diag routine = 0.326417 seconds
| QMMM:
| QMMM:                Pseudo diag routine = 0.014373 seconds
| QMMM:
| QMMM: Using internal diagonalization routine (diag_routine=1).

  QMMM: QM Region Cartesian Coordinates (*=link atom) 
  QMMM: QM_NO.   MM_NO.  ATOM         X         Y         Z
  QMMM:     1        1      C       -2.4260   -0.6820   -6.8520
  QMMM:     2        2      C       -2.3010    0.5080   -5.9440
  QMMM:     3        3      C       -3.4100    1.1260   -5.5090
  QMMM:     4        4      C       -3.4910    2.3760   -4.6860
  QMMM:     5        5      C       -4.3210    3.4480   -5.4090
  QMMM:     6        6      C       -4.4910    4.7500   -4.6560
  QMMM:     7        7      C       -3.9370    4.9470   -3.4470
  QMMM:     8        8      C       -4.2160    6.0780   -2.5280
  QMMM:     9        9      C       -2.9930    6.9490   -2.2570
  QMMM:    10       10      C       -3.2710    8.1060   -1.3180
  QMMM:    11       11      C       -4.4790    8.2850   -0.7380
  QMMM:    12       12      C       -5.0190    9.3990    0.1000
  QMMM:    13       13      C       -4.5200   10.7850   -0.2730
  QMMM:    14       14      C       -5.1060   11.8300    0.6270
  QMMM:    15       15      C       -4.4620   12.9310    1.0450
  QMMM:    16       16      C       -5.1770   13.8680    1.9830
  QMMM:    17       17      C       -3.0570   13.2740    0.5600
  QMMM:    18       18      C       -2.3720   14.5100    1.1710
  QMMM:    19       19      C       -1.0350   14.7900    0.5250
  QMMM:    20       20      C       -0.3580   15.9510    0.3910
  QMMM:    21       21      C        0.9310   15.9540   -0.4100
  QMMM:    22       22      C       -0.6800   17.3370    0.9290
  QMMM:    23       23      C       -1.8350   17.5270    1.9170
  QMMM:    24       24      C       -1.9480   18.9720    2.3380
  QMMM:    25       25      C       -3.0490   19.7380    2.2130
  QMMM:    26       26      C       -3.0310   21.1970    2.5680
  QMMM:    27       27      C       -4.3650   19.2140    1.7020
  QMMM:    28       28      C       -2.0780    8.9990   -1.1080
  QMMM:    29       29      C       -5.3590    5.7700   -5.3510
  QMMM:    30       30      C       -0.8860    0.9080   -5.6240
  QMMM:    31       31      H       -3.4690   -0.8970   -7.1100
  QMMM:    32       32      H       -2.0050   -1.5740   -6.3780
  QMMM:    33       33      H       -1.8910   -0.4920   -7.7890
  QMMM:    34       34      H       -4.3820    0.7170   -5.7820
  QMMM:    35       35      H       -3.9520    2.1190   -3.7250
  QMMM:    36       36      H       -2.4970    2.7780   -4.4740
  QMMM:    37       37      H       -3.8690    3.6640   -6.3850
  QMMM:    38       38      H       -5.3250    3.0450   -5.6010
  QMMM:    39       39      H       -3.2930    4.1970   -2.9950
  QMMM:    40       40      H       -5.0440    6.6910   -2.9010
  QMMM:    41       41      H       -4.5600    5.6250   -1.5880
  QMMM:    42       42      H       -2.1890    6.3330   -1.8340
  QMMM:    43       43      H       -2.6210    7.3530   -3.2090
  QMMM:    44       44      H       -5.2590    7.5450   -0.8940
  QMMM:    45       45      H       -6.1100    9.3930   -0.0450
  QMMM:    46       46      H       -4.8540    9.1680    1.1600
  QMMM:    47       47      H       -3.4400   10.8220   -0.1770
  QMMM:    48       48      H       -4.7720   11.0130   -1.3150
  QMMM:    49       49      H       -6.1310   11.6450    0.9550
  QMMM:    50       50      H       -4.5480   14.1230    2.8380
  QMMM:    51       51      H       -5.4710   14.7780    1.4550
  QMMM:    52       52      H       -6.0860   13.4090    2.3890
  QMMM:    53       53      H       -2.3980   12.4150    0.7480
  QMMM:    54       54      H       -3.1060   13.4110   -0.5260
  QMMM:    55       55      H       -3.0490   15.3480    1.0200
  QMMM:    56       56      H       -2.2210   14.3510    2.2440
  QMMM:    57       57      H       -0.5720   13.9010    0.0910
  QMMM:    58       58      H        0.8680   16.6910   -1.2200
  QMMM:    59       59      H        1.7800   16.2160    0.2300
  QMMM:    60       60      H        1.1460   14.9850   -0.8720
  QMMM:    61       61      H        0.2310   17.7070    1.4210
  QMMM:    62       62      H       -0.8470   17.9950    0.0660
  QMMM:    63       63      H       -2.7660   17.2260    1.4410
  QMMM:    64       64      H       -1.6860   16.9060    2.8060
  QMMM:    65       65      H       -1.0400   19.4120    2.7460
  QMMM:    66       66      H       -3.2900   21.7960    1.6880
  QMMM:    67       67      H       -3.7570   21.4080    3.3600
  QMMM:    68       68      H       -2.0470   21.5280    2.9150
  QMMM:    69       69      H       -4.2780   18.9040    0.6550
  QMMM:    70       70      H       -4.7000   18.3620    2.3040
  QMMM:    71       71      H       -5.1450   19.9760    1.7580
  QMMM:    72       72      H       -1.1430    8.4750   -1.3390
  QMMM:    73       73      H       -2.1340    9.8750   -1.7640
  QMMM:    74       74      H       -1.9960    9.3100   -0.0650
  QMMM:    75       75      H       -5.1780    5.7580   -6.4310
  QMMM:    76       76      H       -6.4180    5.5530   -5.1760
  QMMM:    77       77      H       -5.1530    6.7930   -5.0230
  QMMM:    78       78      H       -0.3610    0.0710   -5.1480
  QMMM:    79       79      H       -0.3530    1.1720   -6.5420
  QMMM:    80       80      H       -0.8060    1.7560   -4.9430

--------------------------------------------------------------------------------
  RESULTS
--------------------------------------------------------------------------------

      iter         sqm energy              rms gradient
      ----    -------------------    -----------------------
xmin    10      -27.5847 kcal/mol        0.4268 kcal/(mol*A)
xmin    20      -29.5400 kcal/mol        0.2874 kcal/(mol*A)
xmin    30      -30.6888 kcal/mol        0.4344 kcal/(mol*A)
xmin    40      -31.7192 kcal/mol        0.2718 kcal/(mol*A)
xmin    50      -32.2290 kcal/mol        0.1679 kcal/(mol*A)
xmin    60      -32.6382 kcal/mol        0.2404 kcal/(mol*A)
xmin    70      -32.8946 kcal/mol        0.1720 kcal/(mol*A)
xmin    80      -33.1049 kcal/mol        0.3435 kcal/(mol*A)
xmin    90      -33.2297 kcal/mol        0.2067 kcal/(mol*A)
xmin   100      -33.2759 kcal/mol        0.1155 kcal/(mol*A)
xmin   110      -33.3275 kcal/mol        0.0716 kcal/(mol*A)
xmin   120      -33.3852 kcal/mol        0.1001 kcal/(mol*A)
xmin   130      -33.4083 kcal/mol        0.0366 kcal/(mol*A)
xmin   140      -33.4321 kcal/mol        0.0324 kcal/(mol*A)
xmin   150      -33.4422 kcal/mol        0.0106 kcal/(mol*A)
xmin   160      -33.4523 kcal/mol        0.0253 kcal/(mol*A)
xmin   170      -33.4836 kcal/mol        0.0867 kcal/(mol*A)
xmin   180      -33.4975 kcal/mol        0.0191 kcal/(mol*A)
xmin   190      -33.5023 kcal/mol        0.0353 kcal/(mol*A)
xmin   200      -33.5475 kcal/mol        0.0727 kcal/(mol*A)
xmin   210      -33.8589 kcal/mol        0.1523 kcal/(mol*A)
xmin   220      -33.9384 kcal/mol        0.2619 kcal/(mol*A)
xmin   230      -34.0134 kcal/mol        0.1962 kcal/(mol*A)
xmin   240      -34.2012 kcal/mol        0.0724 kcal/(mol*A)
xmin   250      -34.2676 kcal/mol        0.0666 kcal/(mol*A)
xmin   260      -34.3340 kcal/mol        0.0914 kcal/(mol*A)
xmin   270      -34.3958 kcal/mol        0.1364 kcal/(mol*A)
xmin   280      -34.4361 kcal/mol        0.0276 kcal/(mol*A)
xmin   290      -34.4692 kcal/mol        0.1315 kcal/(mol*A)
xmin   300      -34.5300 kcal/mol        0.0894 kcal/(mol*A)
xmin   310      -34.5964 kcal/mol        0.0659 kcal/(mol*A)
xmin   320      -34.6878 kcal/mol        0.1206 kcal/(mol*A)
xmin   330      -34.7679 kcal/mol        0.0536 kcal/(mol*A)
xmin   340      -34.8140 kcal/mol        0.0578 kcal/(mol*A)
xmin   350      -34.8362 kcal/mol        0.0857 kcal/(mol*A)
xmin   360      -34.8557 kcal/mol        0.0453 kcal/(mol*A)
xmin   370      -34.8851 kcal/mol        0.0419 kcal/(mol*A)
xmin   380      -34.9161 kcal/mol        0.0905 kcal/(mol*A)
xmin   390      -34.9361 kcal/mol        0.0284 kcal/(mol*A)
xmin   400      -34.9498 kcal/mol        0.0456 kcal/(mol*A)
xmin   410      -34.9553 kcal/mol        0.0116 kcal/(mol*A)
xmin   420      -34.9595 kcal/mol        0.0468 kcal/(mol*A)
xmin   430      -34.9605 kcal/mol        0.0131 kcal/(mol*A)
xmin   440      -34.9627 kcal/mol        0.0116 kcal/(mol*A)
xmin   450      -34.9638 kcal/mol        0.0059 kcal/(mol*A)
xmin   460      -34.9656 kcal/mol        0.0118 kcal/(mol*A)
xmin   470      -34.9663 kcal/mol        0.0054 kcal/(mol*A)
xmin   480      -34.9666 kcal/mol        0.0037 kcal/(mol*A)
xmin   490      -34.9673 kcal/mol        0.0116 kcal/(mol*A)
xmin   500      -34.9677 kcal/mol        0.0045 kcal/(mol*A)
xmin   510      -34.9680 kcal/mol        0.0014 kcal/(mol*A)
xmin   520      -34.9681 kcal/mol        0.0012 kcal/(mol*A)
xmin   530      -34.9682 kcal/mol        0.0022 kcal/(mol*A)
xmin   540      -34.9682 kcal/mol        0.0024 kcal/(mol*A)
xmin   550      -34.9683 kcal/mol        0.0012 kcal/(mol*A)
xmin   560      -34.9684 kcal/mol        0.0011 kcal/(mol*A)
xmin   570      -34.9684 kcal/mol        0.0006 kcal/(mol*A)
xmin   580      -34.9684 kcal/mol        0.0013 kcal/(mol*A)
xmin   590      -34.9685 kcal/mol        0.0008 kcal/(mol*A)
  ... geometry converged !
 
 Final MO eigenvalues (eV):
 -38.8753  -38.6298  -38.0456  -37.5301  -36.7102  -36.4181  -34.5102  -33.1140
 -32.5375  -31.5247  -31.1253  -28.9194  -28.1817  -28.1688  -27.6259  -27.5830
 -27.2477  -27.0629  -25.6424  -23.8305  -23.4859  -22.8892  -22.7285  -22.1762
 -19.3231  -18.9733  -18.8125  -18.5655  -18.4482  -17.9029  -16.3575  -16.2698
 -16.0807  -15.9684  -15.8074  -15.6537  -15.5818  -15.3857  -15.3018  -15.1576
 -15.0353  -14.8851  -14.6976  -14.6439  -14.5612  -14.3142  -14.1820  -14.0556
 -13.9622  -13.8831  -13.6508  -13.5492  -13.5415  -13.0889  -13.0518  -12.9391
 -12.8433  -12.7809  -12.7339  -12.7239  -12.7158  -12.5961  -12.5345  -12.4648
 -12.3980  -12.3493  -12.1955  -12.1686  -12.0490  -12.0133  -11.9821  -11.9201
 -11.6875  -11.6563  -11.5322  -11.4038  -11.3779  -11.3273  -11.2398   -9.4816
  -9.3165   -9.2600   -9.2519   -9.2446   -9.1358    1.0753    1.1673    1.2050
   1.2209    1.2343    1.3056    3.6334    3.6911    3.7561    3.7766    3.8300
   3.9401    3.9910    4.0614    4.0892    4.1070    4.1277    4.1420    4.1499
   4.1691    4.1843    4.2006    4.3098    4.3380    4.3861    4.4148    4.4341
   4.4527    4.4558    4.4742    4.4783    4.4971    4.5236    4.5310    4.5442
   4.5625    4.5729    4.5794    4.6178    4.6329    4.6511    4.6873    4.6934
   4.7242    4.7352    4.7430    4.7630    4.7661    4.7839    4.8300    4.8702
   4.8852    4.8929    4.9233    4.9355    4.9437    4.9554    4.9598    4.9690
   4.9755    5.0007    5.0105    5.0326    5.0510    5.0669    5.1103    5.1296
   5.1595    5.2382    5.3117    5.3220    5.3413    5.3860    5.6934    5.7356
   5.7604    5.7958    5.8263    5.8483    6.0026    6.0452    6.0485    6.0875
   6.0918    6.1223

 Heat of formation   =        -34.96847138 kcal/mol  (       -1.51634671 eV)

 Total SCF energy    =    -104491.40938675 kcal/mol  (    -4531.08752382 eV)
 Electronic energy   =    -928238.48820476 kcal/mol  (   -40251.44131671 eV)
 Core-core repulsion =     823747.07881801 kcal/mol  (    35720.35379290 eV)
 
    Atomic Charges for Step       1 :
  Atom    Element       Mulliken Charge
     1      C                 -0.178
     2      C                 -0.115
     3      C                 -0.173
     4      C                 -0.129
     5      C                 -0.121
     6      C                 -0.112
     7      C                 -0.175
     8      C                 -0.129
     9      C                 -0.121
    10      C                 -0.112
    11      C                 -0.174
    12      C                 -0.127
    13      C                 -0.128
    14      C                 -0.165
    15      C                 -0.116
    16      C                 -0.180
    17      C                 -0.125
    18      C                 -0.127
    19      C                 -0.167
    20      C                 -0.114
    21      C                 -0.180
    22      C                 -0.124
    23      C                 -0.126
    24      C                 -0.174
    25      C                 -0.109
    26      C                 -0.181
    27      C                 -0.182
    28      C                 -0.184
    29      C                 -0.184
    30      C                 -0.182
    31      H                  0.077
    32      H                  0.081
    33      H                  0.081
    34      H                  0.122
    35      H                  0.090
    36      H                  0.089
    37      H                  0.089
    38      H                  0.088
    39      H                  0.124
    40      H                  0.090
    41      H                  0.089
    42      H                  0.089
    43      H                  0.088
    44      H                  0.125
    45      H                  0.088
    46      H                  0.086
    47      H                  0.089
    48      H                  0.089
    49      H                  0.121
    50      H                  0.081
    51      H                  0.080
    52      H                  0.077
    53      H                  0.086
    54      H                  0.084
    55      H                  0.092
    56      H                  0.090
    57      H                  0.120
    58      H                  0.081
    59      H                  0.081
    60      H                  0.077
    61      H                  0.084
    62      H                  0.090
    63      H                  0.088
    64      H                  0.087
    65      H                  0.119
    66      H                  0.081
    67      H                  0.081
    68      H                  0.077
    69      H                  0.081
    70      H                  0.082
    71      H                  0.077
    72      H                  0.078
    73      H                  0.082
    74      H                  0.081
    75      H                  0.078
    76      H                  0.082
    77      H                  0.081
    78      H                  0.078
    79      H                  0.082
    80      H                  0.080
 Total Mulliken Charge =      -0.000
 
                  X        Y        Z     TOTAL  
  QM DIPOLE    -0.216    0.083    0.216    0.316
 
 Final Structure

  QMMM: QM Region Cartesian Coordinates (*=link atom) 
  QMMM: QM_NO.   MM_NO.  ATOM         X         Y         Z
  QMMM:     1        1      C       -3.0362    0.6526   -7.6142
  QMMM:     2        2      C       -3.2938    1.5728   -6.4809
  QMMM:     3        3      C       -2.6915    2.7696   -6.3894
  QMMM:     4        4      C       -2.9275    3.7176   -5.2751
  QMMM:     5        5      C       -2.0089    4.9195   -5.3538
  QMMM:     6        6      C       -2.1931    5.9243   -4.2715
  QMMM:     7        7      C       -3.0814    5.8009   -3.2725
  QMMM:     8        8      C       -3.2419    6.8165   -2.2038
  QMMM:     9        9      C       -4.3884    6.4784   -1.2732
  QMMM:    10       10      C       -4.6044    7.4466   -0.1637
  QMMM:    11       11      C       -3.8759    8.5597    0.0172
  QMMM:    12       12      C       -4.1146    9.5104    1.1289
  QMMM:    13       13      C       -3.0701   10.6095    1.1725
  QMMM:    14       14      C       -3.3134   11.5607    2.2822
  QMMM:    15       15      C       -2.6408   12.7086    2.4579
  QMMM:    16       16      C       -2.9362   13.6138    3.5964
  QMMM:    17       17      C       -1.5518   13.1657    1.5485
  QMMM:    18       18      C       -2.0818   14.1029    0.4767
  QMMM:    19       19      C       -0.9970   14.6171   -0.3917
  QMMM:    20       20      C       -1.0948   15.7165   -1.1554
  QMMM:    21       21      C        0.0274   16.1702   -2.0131
  QMMM:    22       22      C       -2.3224   16.5603   -1.2113
  QMMM:    23       23      C       -2.3060   17.6332   -0.1330
  QMMM:    24       24      C       -3.5909   18.3685   -0.0931
  QMMM:    25       25      C       -4.3684   18.5084    0.9916
  QMMM:    26       26      C       -5.6348   19.2807    0.9383
  QMMM:    27       27      C       -4.0374   17.9189    2.3123
  QMMM:    28       28      C       -5.7104    7.0892    0.7617
  QMMM:    29       29      C       -1.3055    7.1114   -4.3727
  QMMM:    30       30      C       -4.2508    1.0896   -5.4567
  QMMM:    31       31      H       -2.2835    1.0724   -8.3253
  QMMM:    32       32      H       -3.9848    0.4619   -8.1762
  QMMM:    33       33      H       -2.6543   -0.3276   -7.2332
  QMMM:    34       34      H       -1.9823    3.0989   -7.1660
  QMMM:    35       35      H       -3.9999    4.0577   -5.3002
  QMMM:    36       36      H       -2.7762    3.1874   -4.2945
  QMMM:    37       37      H       -0.9409    4.5660   -5.3303
  QMMM:    38       38      H       -2.1616    5.4341   -6.3427
  QMMM:    39       39      H       -3.7408    4.9214   -3.2001
  QMMM:    40       40      H       -2.2854    6.8894   -1.6157
  QMMM:    41       41      H       -3.4163    7.8255   -2.6696
  QMMM:    42       42      H       -5.3382    6.4096   -1.8724
  QMMM:    43       43      H       -4.2098    5.4621   -0.8246
  QMMM:    44       44      H       -3.0545    8.8226   -0.6681
  QMMM:    45       45      H       -5.1360    9.9682    1.0154
  QMMM:    46       46      H       -4.1172    8.9549    2.1071
  QMMM:    47       47      H       -2.0505   10.1495    1.2915
  QMMM:    48       48      H       -3.0668   11.1613    0.1927
  QMMM:    49       49      H       -4.1044   11.2709    2.9945
  QMMM:    50       50      H       -2.0485   13.6793    4.2744
  QMMM:    51       51      H       -3.1631   14.6431    3.2187
  QMMM:    52       52      H       -3.8100   13.2560    4.1937
  QMMM:    53       53      H       -0.7639   13.6962    2.1480
  QMMM:    54       54      H       -1.0580   12.2825    1.0609
  QMMM:    55       55      H       -2.8341   13.5566   -0.1567
  QMMM:    56       56      H       -2.6254   14.9559    0.9687
  QMMM:    57       57      H       -0.0669   14.0241   -0.3918
  QMMM:    58       58      H       -0.2590   16.0911   -3.0919
  QMMM:    59       59      H        0.2668   17.2410   -1.7936
  QMMM:    60       60      H        0.9483   15.5598   -1.8476
  QMMM:    61       61      H       -2.4022   17.0483   -2.2192
  QMMM:    62       62      H       -3.2342   15.9172   -1.0823
  QMMM:    63       63      H       -2.0791   17.1590    0.8592
  QMMM:    64       64      H       -1.4752   18.3601   -0.3477
  QMMM:    65       65      H       -3.8906   18.8227   -1.0529
  QMMM:    66       66      H       -6.4983   18.6181    1.1976
  QMMM:    67       67      H       -5.6038   20.1187    1.6788
  QMMM:    68       68      H       -5.8145   19.7129   -0.0762
  QMMM:    69       69      H       -3.8673   16.8156    2.2225
  QMMM:    70       70      H       -3.1050   18.3816    2.7229
  QMMM:    71       71      H       -4.8631   18.0859    3.0467
  QMMM:    72       72      H       -6.2725    6.1930    0.4031
  QMMM:    73       73      H       -5.3030    6.8659    1.7802
  QMMM:    74       74      H       -6.4289    7.9420    0.8580
  QMMM:    75       75      H       -0.5717    7.0056   -5.2084
  QMMM:    76       76      H       -1.9144    8.0334   -4.5525
  QMMM:    77       77      H       -0.7371    7.2550   -3.4193
  QMMM:    78       78      H       -4.7360    0.1340   -5.7719
  QMMM:    79       79      H       -3.7211    0.9139   -4.4862
  QMMM:    80       80      H       -5.0509    1.8517   -5.2782

           --------- Calculation Completed ----------

